[00:41:46] [User Authenticator #3/INFO] [net.minecraft.network.login.ServerLoginNetHandler/]: UUID of player Tomate_Plays is 42a9c1bf-46e6-3122-bfc0-f25a91b4990d
[00:41:46] [Netty Epoll Server IO #4/INFO] [net.minecraftforge.fml.network.FMLHandshakeHandler/]: Client attempting to join with 42 mods : minecraft, tconstruct, industrialforegoing, usefulbackpacks, titanium, simplyjetpacks, advancedperipherals, treeharvester, jei, movingelevators, betterdefaultbiomes, simplylight, simplefarming, mekanism, caelus, curios, mantle, xaerominimap, collective, xaeroworldmap, cookingforblockheads, citadel, alexsmobs, appliedenergistics2, good_nights_sleep, buildersaddition, uteamcore, curiouselytra, computercraft, carryon, betterburning, immersivepetroleum, forge, aquaculture, stackrefill, bloodmagic, twilightforest, refinedstorage, immersiveposts, immersiveengineering, ironchest, corpse
[00:41:51] [Server thread/INFO] [net.minecraftforge.common.AdvancementLoadFix/]: Using new advancement loading for net.minecraft.advancements.PlayerAdvancements@2b29408e
[00:41:51] [Server thread/INFO] [net.minecraft.server.management.PlayerList/]: Tomate_Plays[/187.2.104.235:56606] logged in with entity id 6,573 at (-81.351, 62, 187.22)
[01:07:29] [Server thread/INFO] [net.minecraft.server.dedicated.DedicatedServer/]: Tomate_Plays has reached the goal [Earthslime Island]
[01:17:05] [User Authenticator #4/INFO] [net.minecraft.network.login.ServerLoginNetHandler/]: UUID of player SprainedBow is 75d188c8-3fb9-39ff-8f91-7f50c1734cf1
[01:17:05] [Netty Epoll Server IO #6/INFO] [net.minecraftforge.fml.network.FMLHandshakeHandler/]: Client attempting to join with 43 mods : minecraft, tconstruct, industrialforegoing, usefulbackpacks, titanium, simplyjetpacks, advancedperipherals, treeharvester, jei, movingelevators, betterdefaultbiomes, simplylight, simplefarming, mekanism, caelus, curios, mantle, xaerominimap, collective, xaeroworldmap, cookingforblockheads, citadel, alexsmobs, appliedenergistics2, good_nights_sleep, buildersaddition, uteamcore, curiouselytra, computercraft, carryon, betterburning, immersivepetroleum, forge, aquaculture, stackrefill, bloodmagic, twilightforest, tlskincape, refinedstorage, immersiveposts, immersiveengineering, ironchest, corpse
[01:17:14] [Server thread/INFO] [net.minecraftforge.common.AdvancementLoadFix/]: Using new advancement loading for net.minecraft.advancements.PlayerAdvancements@74fe0f0a
[01:17:14] [Server thread/INFO] [net.minecraft.server.management.PlayerList/]: SprainedBow[/179.235.94.190:2962] logged in with entity id 20,558 at (-63.789, 64, 317.697)
[01:17:19] [Async Chat Thread - 2/INFO] [/]: <Tomate_Plays> hm[m
[01:17:39] [Server thread/INFO] [net.minecraft.server.dedicated.DedicatedServer/]: SprainedBow was slain by Zombie
[01:18:36] [Async Chat Thread - 3/INFO] [/]: <SprainedBow> krl bicho me mato[m
[01:19:29] [Async Chat Thread - 3/INFO] [/]: <Tomate_Plays> eita![m
[01:20:54] [Async Chat Thread - 4/INFO] [/]: <SprainedBow> disc verme[m
[01:20:59] [Async Chat Thread - 4/INFO] [/]: <Tomate_Plays> calmo[m
[01:21:23] [Server thread/WARN] [net.minecraft.server.management.PlayerInteractionManager/]: Mismatch in destroy block pos: BlockPos{x=728, y=63, z=-453} BlockPos{x=-100, y=63, z=205}
[01:21:43] [Server thread/WARN] [net.minecraft.server.management.PlayerInteractionManager/]: Mismatch in destroy block pos: BlockPos{x=-88, y=68, z=197} BlockPos{x=-108, y=73, z=194}
[01:21:47] [Server thread/WARN] [net.minecraft.server.management.PlayerInteractionManager/]: Mismatch in destroy block pos: BlockPos{x=-88, y=68, z=197} BlockPos{x=-114, y=79, z=194}
[01:21:47] [Server thread/WARN] [net.minecraft.server.management.PlayerInteractionManager/]: Mismatch in destroy block pos: BlockPos{x=-88, y=68, z=197} BlockPos{x=-114, y=79, z=194}
[01:21:47] [Server thread/WARN] [net.minecraft.server.management.PlayerInteractionManager/]: Mismatch in destroy block pos: BlockPos{x=-88, y=68, z=197} BlockPos{x=-114, y=79, z=196}
[01:21:47] [Server thread/WARN] [net.minecraft.server.management.PlayerInteractionManager/]: Mismatch in destroy block pos: BlockPos{x=-88, y=68, z=197} BlockPos{x=-115, y=78, z=197}
[01:21:48] [Server thread/WARN] [net.minecraft.server.management.PlayerInteractionManager/]: Mismatch in destroy block pos: BlockPos{x=-88, y=68, z=197} BlockPos{x=-115, y=78, z=198}
[01:21:48] [Server thread/WARN] [net.minecraft.server.management.PlayerInteractionManager/]: Mismatch in destroy block pos: BlockPos{x=-88, y=68, z=197} BlockPos{x=-115, y=78, z=198}
[01:21:48] [Server thread/WARN] [net.minecraft.server.management.PlayerInteractionManager/]: Mismatch in destroy block pos: BlockPos{x=-88, y=68, z=197} BlockPos{x=-116, y=77, z=199}
[01:21:48] [Server thread/WARN] [net.minecraft.server.management.PlayerInteractionManager/]: Mismatch in destroy block pos: BlockPos{x=-88, y=68, z=197} BlockPos{x=-116, y=76, z=200}
[01:21:51] [Server thread/WARN] [net.minecraft.server.management.PlayerInteractionManager/]: Mismatch in destroy block pos: BlockPos{x=-88, y=68, z=197} BlockPos{x=-111, y=67, z=204}
[01:21:51] [Server thread/WARN] [net.minecraft.server.management.PlayerInteractionManager/]: Mismatch in destroy block pos: BlockPos{x=-88, y=68, z=197} BlockPos{x=-111, y=67, z=204}
[01:21:52] [Server thread/WARN] [net.minecraft.server.management.PlayerInteractionManager/]: Mismatch in destroy block pos: BlockPos{x=-88, y=68, z=197} BlockPos{x=-111, y=68, z=206}
[01:21:52] [Server thread/WARN] [net.minecraft.server.management.PlayerInteractionManager/]: Mismatch in destroy block pos: BlockPos{x=-88, y=68, z=197} BlockPos{x=-112, y=69, z=207}
[01:21:57] [Server thread/WARN] [net.minecraft.server.management.PlayerInteractionManager/]: Mismatch in destroy block pos: BlockPos{x=-103, y=63, z=209} BlockPos{x=-102, y=63, z=208}
[01:21:57] [Server thread/WARN] [net.minecraft.server.management.PlayerInteractionManager/]: Mismatch in destroy block pos: BlockPos{x=-103, y=63, z=209} BlockPos{x=-102, y=63, z=208}
[01:21:57] [Server thread/WARN] [net.minecraft.server.management.PlayerInteractionManager/]: Mismatch in destroy block pos: BlockPos{x=-103, y=63, z=209} BlockPos{x=-102, y=63, z=208}
[01:21:57] [Server thread/WARN] [net.minecraft.server.management.PlayerInteractionManager/]: Mismatch in destroy block pos: BlockPos{x=-103, y=63, z=209} BlockPos{x=-102, y=63, z=208}
[01:21:58] [Server thread/WARN] [net.minecraft.server.management.PlayerInteractionManager/]: Mismatch in destroy block pos: BlockPos{x=-103, y=63, z=209} BlockPos{x=-103, y=63, z=208}
[01:21:58] [Server thread/WARN] [net.minecraft.server.management.PlayerInteractionManager/]: Mismatch in destroy block pos: BlockPos{x=-103, y=63, z=209} BlockPos{x=-103, y=63, z=208}
[01:21:58] [Server thread/WARN] [net.minecraft.server.management.PlayerInteractionManager/]: Mismatch in destroy block pos: BlockPos{x=-103, y=63, z=209} BlockPos{x=-104, y=63, z=207}
[01:21:58] [Server thread/WARN] [net.minecraft.server.management.PlayerInteractionManager/]: Mismatch in destroy block pos: BlockPos{x=-103, y=63, z=209} BlockPos{x=-104, y=63, z=207}
[01:21:58] [Server thread/WARN] [net.minecraft.server.management.PlayerInteractionManager/]: Mismatch in destroy block pos: BlockPos{x=-103, y=63, z=209} BlockPos{x=-104, y=63, z=207}
[01:21:58] [Server thread/WARN] [net.minecraft.server.management.PlayerInteractionManager/]: Mismatch in destroy block pos: BlockPos{x=-103, y=63, z=209} BlockPos{x=-104, y=63, z=207}
[01:21:58] [Server thread/WARN] [net.minecraft.server.management.PlayerInteractionManager/]: Mismatch in destroy block pos: BlockPos{x=-103, y=63, z=209} BlockPos{x=-104, y=63, z=207}
[01:21:58] [Server thread/WARN] [net.minecraft.server.management.PlayerInteractionManager/]: Mismatch in destroy block pos: BlockPos{x=-103, y=63, z=209} BlockPos{x=-104, y=63, z=207}
[01:21:58] [Server thread/WARN] [net.minecraft.server.management.PlayerInteractionManager/]: Mismatch in destroy block pos: BlockPos{x=-103, y=63, z=209} BlockPos{x=-104, y=63, z=207}
[01:21:58] [Server thread/WARN] [net.minecraft.server.management.PlayerInteractionManager/]: Mismatch in destroy block pos: BlockPos{x=-103, y=63, z=209} BlockPos{x=-104, y=63, z=207}
[01:21:58] [Server thread/WARN] [net.minecraft.server.management.PlayerInteractionManager/]: Mismatch in destroy block pos: BlockPos{x=-103, y=63, z=209} BlockPos{x=-103, y=63, z=208}
[01:21:58] [Server thread/WARN] [net.minecraft.server.management.PlayerInteractionManager/]: Mismatch in destroy block pos: BlockPos{x=-103, y=63, z=209} BlockPos{x=-103, y=63, z=208}
[01:21:58] [Server thread/WARN] [net.minecraft.server.management.PlayerInteractionManager/]: Mismatch in destroy block pos: BlockPos{x=-103, y=63, z=209} BlockPos{x=-103, y=63, z=208}
[01:21:58] [Server thread/WARN] [net.minecraft.server.management.PlayerInteractionManager/]: Mismatch in destroy block pos: BlockPos{x=-103, y=63, z=209} BlockPos{x=-103, y=63, z=208}
[01:21:59] [Server thread/WARN] [net.minecraft.server.management.PlayerInteractionManager/]: Mismatch in destroy block pos: BlockPos{x=-103, y=63, z=209} BlockPos{x=-102, y=63, z=208}
[01:21:59] [Server thread/WARN] [net.minecraft.server.management.PlayerInteractionManager/]: Mismatch in destroy block pos: BlockPos{x=-103, y=63, z=209} BlockPos{x=-102, y=63, z=207}
[01:21:59] [Server thread/WARN] [net.minecraft.server.management.PlayerInteractionManager/]: Mismatch in destroy block pos: BlockPos{x=-103, y=63, z=209} BlockPos{x=-102, y=63, z=206}
[01:21:59] [Server thread/WARN] [net.minecraft.server.management.PlayerInteractionManager/]: Mismatch in destroy block pos: BlockPos{x=-103, y=63, z=209} BlockPos{x=-101, y=63, z=206}
[01:21:59] [Server thread/WARN] [net.minecraft.server.management.PlayerInteractionManager/]: Mismatch in destroy block pos: BlockPos{x=-103, y=63, z=209} BlockPos{x=-101, y=63, z=206}
[01:21:59] [Server thread/WARN] [net.minecraft.server.management.PlayerInteractionManager/]: Mismatch in destroy block pos: BlockPos{x=-103, y=63, z=209} BlockPos{x=-100, y=63, z=205}
[01:21:59] [Server thread/WARN] [net.minecraft.server.management.PlayerInteractionManager/]: Mismatch in destroy block pos: BlockPos{x=-103, y=63, z=209} BlockPos{x=-101, y=63, z=205}
[01:21:59] [Server thread/WARN] [net.minecraft.server.management.PlayerInteractionManager/]: Mismatch in destroy block pos: BlockPos{x=-103, y=63, z=209} BlockPos{x=-101, y=63, z=205}
[01:21:59] [Server thread/WARN] [net.minecraft.server.management.PlayerInteractionManager/]: Mismatch in destroy block pos: BlockPos{x=-103, y=63, z=209} BlockPos{x=-101, y=63, z=205}
[01:21:59] [Server thread/WARN] [net.minecraft.server.management.PlayerInteractionManager/]: Mismatch in destroy block pos: BlockPos{x=-103, y=63, z=209} BlockPos{x=-101, y=63, z=205}
[01:21:59] [Server thread/WARN] [net.minecraft.server.management.PlayerInteractionManager/]: Mismatch in destroy block pos: BlockPos{x=-103, y=63, z=209} BlockPos{x=-102, y=63, z=205}
[01:21:59] [Server thread/WARN] [net.minecraft.server.management.PlayerInteractionManager/]: Mismatch in destroy block pos: BlockPos{x=-103, y=63, z=209} BlockPos{x=-103, y=63, z=205}
[01:21:59] [Server thread/WARN] [net.minecraft.server.management.PlayerInteractionManager/]: Mismatch in destroy block pos: BlockPos{x=-103, y=63, z=209} BlockPos{x=-104, y=63, z=205}
[01:21:59] [Server thread/WARN] [net.minecraft.server.management.PlayerInteractionManager/]: Mismatch in destroy block pos: BlockPos{x=-103, y=63, z=209} BlockPos{x=-104, y=63, z=205}
[01:21:59] [Server thread/WARN] [net.minecraft.server.management.PlayerInteractionManager/]: Mismatch in destroy block pos: BlockPos{x=-103, y=63, z=209} BlockPos{x=-104, y=63, z=205}
[01:22:00] [Server thread/WARN] [net.minecraft.server.management.PlayerInteractionManager/]: Mismatch in destroy block pos: BlockPos{x=-103, y=63, z=209} BlockPos{x=-104, y=63, z=205}
[01:22:00] [Server thread/WARN] [net.minecraft.server.management.PlayerInteractionManager/]: Mismatch in destroy block pos: BlockPos{x=-103, y=63, z=209} BlockPos{x=-105, y=63, z=204}
[01:22:00] [Server thread/WARN] [net.minecraft.server.management.PlayerInteractionManager/]: Mismatch in destroy block pos: BlockPos{x=-103, y=63, z=209} BlockPos{x=-105, y=64, z=203}
[01:22:00] [Server thread/WARN] [net.minecraft.server.management.PlayerInteractionManager/]: Mismatch in destroy block pos: BlockPos{x=-103, y=63, z=209} BlockPos{x=-104, y=64, z=203}
[01:22:00] [Server thread/WARN] [net.minecraft.server.management.PlayerInteractionManager/]: Mismatch in destroy block pos: BlockPos{x=-103, y=63, z=209} BlockPos{x=-104, y=64, z=203}
[01:31:28] [Server thread/INFO] [net.minecraft.network.play.ServerPlayNetHandler/]: SprainedBow lost connection: Disconnected
[01:31:28] [Server thread/INFO] [net.minecraft.server.dedicated.DedicatedServer/]: SprainedBow left the game
[01:57:38] [Server thread/INFO] [net.minecraft.server.dedicated.DedicatedServer/]: Tomate_Plays was slain by Piglin
[01:58:49] [Server thread/INFO] [net.minecraft.server.dedicated.DedicatedServer/]: Tomate_Plays fell from a high place
[02:09:11] [Server thread/INFO] [net.minecraft.server.dedicated.DedicatedServer/]: Tomate_Plays has completed the challenge [Return to Sender]
[02:26:49] [Server thread/INFO] [net.minecraft.network.play.ServerPlayNetHandler/]: Tomate_Plays lost connection: Disconnected
[02:26:49] [Server thread/INFO] [net.minecraft.server.dedicated.DedicatedServer/]: Tomate_Plays left the game
[02:37:25] [User Authenticator #5/INFO] [net.minecraft.network.login.ServerLoginNetHandler/]: UUID of player Tomate_Plays is 42a9c1bf-46e6-3122-bfc0-f25a91b4990d
[02:37:26] [Netty Epoll Server IO #1/INFO] [net.minecraftforge.fml.network.FMLHandshakeHandler/]: Client attempting to join with 42 mods : minecraft, tconstruct, industrialforegoing, usefulbackpacks, titanium, simplyjetpacks, advancedperipherals, treeharvester, jei, movingelevators, betterdefaultbiomes, simplylight, simplefarming, mekanism, caelus, curios, mantle, xaerominimap, collective, xaeroworldmap, cookingforblockheads, citadel, alexsmobs, appliedenergistics2, good_nights_sleep, buildersaddition, uteamcore, curiouselytra, computercraft, carryon, betterburning, immersivepetroleum, forge, aquaculture, stackrefill, bloodmagic, twilightforest, refinedstorage, immersiveposts, immersiveengineering, ironchest, corpse
[02:37:30] [Server thread/INFO] [net.minecraftforge.common.AdvancementLoadFix/]: Using new advancement loading for net.minecraft.advancements.PlayerAdvancements@39b07bdd
[02:37:31] [Server thread/INFO] [net.minecraft.server.management.PlayerList/]: Tomate_Plays[/187.2.104.235:56300] logged in with entity id 31,376 at (-95.372, 63, 56.564)
[02:38:00] [Server thread/INFO] [net.minecraft.server.dedicated.DedicatedServer/]: Tomate_Plays has made the advancement [A Terrible Fortress]
[02:49:40] [User Authenticator #6/INFO] [net.minecraft.network.login.ServerLoginNetHandler/]: UUID of player SprainedBow is 75d188c8-3fb9-39ff-8f91-7f50c1734cf1
[02:49:40] [Netty Epoll Server IO #2/INFO] [net.minecraftforge.fml.network.FMLHandshakeHandler/]: Client attempting to join with 43 mods : minecraft, tconstruct, industrialforegoing, usefulbackpacks, titanium, simplyjetpacks, advancedperipherals, treeharvester, jei, movingelevators, betterdefaultbiomes, simplylight, simplefarming, mekanism, caelus, curios, mantle, xaerominimap, collective, xaeroworldmap, cookingforblockheads, citadel, alexsmobs, appliedenergistics2, good_nights_sleep, buildersaddition, uteamcore, curiouselytra, computercraft, carryon, betterburning, immersivepetroleum, forge, aquaculture, stackrefill, bloodmagic, twilightforest, tlskincape, refinedstorage, immersiveposts, immersiveengineering, ironchest, corpse
[02:49:49] [Server thread/INFO] [net.minecraftforge.common.AdvancementLoadFix/]: Using new advancement loading for net.minecraft.advancements.PlayerAdvancements@1556254e
[02:49:49] [Server thread/INFO] [net.minecraft.server.management.PlayerList/]: SprainedBow[/179.235.94.190:2783] logged in with entity id 33,165 at (-75.774, 56, 331.607)
[02:56:16] [Server thread/INFO] [net.minecraft.network.play.ServerPlayNetHandler/]: SprainedBow lost connection: Disconnected
[02:56:16] [Server thread/INFO] [net.minecraft.server.dedicated.DedicatedServer/]: SprainedBow left the game
[03:00:05] [Server thread/INFO] [net.minecraft.network.play.ServerPlayNetHandler/]: Tomate_Plays lost connection: Disconnected
[03:00:05] [Server thread/INFO] [net.minecraft.server.dedicated.DedicatedServer/]: Tomate_Plays left the game
[04:03:35] [User Authenticator #7/INFO] [net.minecraft.network.login.ServerLoginNetHandler/]: UUID of player Tomate_Plays is 42a9c1bf-46e6-3122-bfc0-f25a91b4990d
[04:03:35] [Netty Epoll Server IO #6/INFO] [net.minecraftforge.fml.network.FMLHandshakeHandler/]: Client attempting to join with 42 mods : minecraft, tconstruct, industrialforegoing, usefulbackpacks, titanium, simplyjetpacks, advancedperipherals, treeharvester, jei, movingelevators, betterdefaultbiomes, simplylight, simplefarming, mekanism, caelus, curios, mantle, xaerominimap, collective, xaeroworldmap, cookingforblockheads, citadel, alexsmobs, appliedenergistics2, good_nights_sleep, buildersaddition, uteamcore, curiouselytra, computercraft, carryon, betterburning, immersivepetroleum, forge, aquaculture, stackrefill, bloodmagic, twilightforest, refinedstorage, immersiveposts, immersiveengineering, ironchest, corpse
[04:03:42] [Server thread/INFO] [net.minecraft.network.login.ServerLoginNetHandler/]: com.mojang.authlib.GameProfile@1d23c2f8[id=42a9c1bf-46e6-3122-bfc0-f25a91b4990d,name=Tomate_Plays,properties={},legacy=false] (/187.2.104.235:56710) lost connection: Disconnected
[04:03:43] [User Authenticator #8/INFO] [net.minecraft.network.login.ServerLoginNetHandler/]: UUID of player Tomate_Plays is 42a9c1bf-46e6-3122-bfc0-f25a91b4990d
[04:03:43] [Netty Epoll Server IO #7/INFO] [net.minecraftforge.fml.network.FMLHandshakeHandler/]: Client attempting to join with 42 mods : minecraft, tconstruct, industrialforegoing, usefulbackpacks, titanium, simplyjetpacks, advancedperipherals, treeharvester, jei, movingelevators, betterdefaultbiomes, simplylight, simplefarming, mekanism, caelus, curios, mantle, xaerominimap, collective, xaeroworldmap, cookingforblockheads, citadel, alexsmobs, appliedenergistics2, good_nights_sleep, buildersaddition, uteamcore, curiouselytra, computercraft, carryon, betterburning, immersivepetroleum, forge, aquaculture, stackrefill, bloodmagic, twilightforest, refinedstorage, immersiveposts, immersiveengineering, ironchest, corpse
[04:03:49] [Server thread/INFO] [net.minecraftforge.common.AdvancementLoadFix/]: Using new advancement loading for net.minecraft.advancements.PlayerAdvancements@46f32366
[04:03:49] [Server thread/INFO] [net.minecraft.server.management.PlayerList/]: Tomate_Plays[/187.2.104.235:56711] logged in with entity id 35,858 at (-366.658, 56, 302.678)
[04:08:41] [Server thread/INFO] [net.minecraft.server.dedicated.DedicatedServer/]: Tomate_Plays was slain by Piglin
[04:08:48] [Server thread/INFO] [net.minecraft.network.play.ServerPlayNetHandler/]: Tomate_Plays lost connection: Disconnected
[04:08:48] [Server thread/INFO] [net.minecraft.server.dedicated.DedicatedServer/]: Tomate_Plays left the game
[19:15:10] [Server thread/INFO] [net.minecraft.server.dedicated.DedicatedServer/]: Stopping the server
[19:15:10] [Server thread/INFO] [stormedpanda.simplyjetpacks.SimplyJetpacks/]: Server stopping...
[19:15:10] [Server thread/INFO] [net.minecraft.server.MinecraftServer/]: Stopping server
[19:15:10] [Server thread/INFO] [net.skinsrestorer.bukkit.SkinsRestorer/]: [SkinsRestorer] Disabling SkinsRestorer v14.1.1
[19:15:11] [Server thread/INFO] [net.minecraft.server.MinecraftServer/]: Saving players
[19:15:11] [Server thread/INFO] [net.minecraft.server.MinecraftServer/]: Saving worlds
[19:15:11] [Server thread/INFO] [net.minecraft.server.MinecraftServer/]: Saving chunks for level 'ServerLevel[oscara]'/minecraft:overworld
[19:15:11] [Server thread/INFO] [net.minecraft.world.server.ChunkManager/]: ThreadedAnvilChunkStorage (oscara): All chunks are saved
[19:15:11] [Server thread/INFO] [net.minecraft.server.MinecraftServer/]: Saving chunks for level 'ServerLevel[DIM-1]'/minecraft:the_nether
[19:15:11] [Server thread/INFO] [net.minecraft.world.server.ChunkManager/]: ThreadedAnvilChunkStorage (DIM-1): All chunks are saved
[19:15:11] [Server thread/INFO] [net.minecraft.server.MinecraftServer/]: Saving chunks for level 'ServerLevel[DIM1]'/minecraft:the_end
[19:15:11] [Server thread/INFO] [net.minecraft.world.server.ChunkManager/]: ThreadedAnvilChunkStorage (DIM1): All chunks are saved
[19:15:11] [Server thread/INFO] [net.minecraft.server.MinecraftServer/]: Saving chunks for level 'ServerLevel[good_dream]'/good_nights_sleep:good_dream
[19:15:11] [Server thread/INFO] [net.minecraft.world.server.ChunkManager/]: ThreadedAnvilChunkStorage (good_dream): All chunks are saved
[19:15:11] [Server thread/INFO] [net.minecraft.server.MinecraftServer/]: Saving chunks for level 'ServerLevel[twilightforest]'/twilightforest:twilightforest
[19:15:11] [Server thread/INFO] [net.minecraft.world.server.ChunkManager/]: ThreadedAnvilChunkStorage (twilightforest): All chunks are saved
[19:15:11] [Server thread/INFO] [net.minecraft.server.MinecraftServer/]: Saving chunks for level 'ServerLevel[nightmare]'/good_nights_sleep:nightmare
[19:15:11] [Server thread/INFO] [net.minecraft.world.server.ChunkManager/]: ThreadedAnvilChunkStorage (nightmare): All chunks are saved
[19:15:11] [Server thread/INFO] [net.minecraft.server.MinecraftServer/]: Saving chunks for level 'ServerLevel[skylight_forest]'/twilightforest:skylight_forest
[19:15:11] [Server thread/INFO] [net.minecraft.world.server.ChunkManager/]: ThreadedAnvilChunkStorage (skylight_forest): All chunks are saved
[19:15:11] [Server thread/INFO] [net.minecraft.server.MinecraftServer/]: Saving chunks for level 'ServerLevel[spatial_storage]'/appliedenergistics2:spatial_storage
[19:15:11] [Server thread/INFO] [net.minecraft.world.server.ChunkManager/]: ThreadedAnvilChunkStorage (spatial_storage): All chunks are saved
